<?xml version="1.0" encoding="UTF-8"?>
<!-- Generated by org.testng.reporters.JUnitReportReporter -->
<testsuite hostname="saranyn1" name="com.training.sanity.tests.LoginTests" tests="1" failures="0" timestamp="26 Aug 2019 07:42:46 GMT" time="46.426" errors="0">
  <testcase name="validLoginTest" time="46.426" classname="com.training.sanity.tests.LoginTests"/>
</testsuite> <!-- com.training.sanity.tests.LoginTests -->
