<?xml version="1.0" encoding="UTF-8"?>
<!-- Generated by org.testng.reporters.JUnitReportReporter -->
<testsuite hostname="saranyn1" name="com.training.sanity.tests.Editprofile" tests="1" failures="0" timestamp="25 Aug 2019 18:06:35 GMT" time="46.896" errors="0">
  <testcase name="validLoginTest" time="46.896" classname="com.training.sanity.tests.Editprofile"/>
</testsuite> <!-- com.training.sanity.tests.Editprofile -->
