<?xml version="1.0" encoding="UTF-8"?>
<!-- Generated by org.testng.reporters.JUnitReportReporter -->
<testsuite hostname="saranyn1" name="com.training.sanity.tests.TC1" tests="1" failures="0" timestamp="21 Aug 2019 05:04:03 GMT" time="27.228" errors="0">
  <testcase name="validLoginTest" time="27.228" classname="com.training.sanity.tests.TC1"/>
</testsuite> <!-- com.training.sanity.tests.TC1 -->
